16:13:48 **** Incremental Build of configuration Debug for project CountingSemaphores ****
make -j1 all 
Building target: CountingSemaphores.elf
Invoking: Cross ARM C++ Linker
arm-none-eabi-g++ -mcpu=cortex-m4 -mthumb -mfloat-abi=hard -mfpu=fpv4-sp-d16 -O0 -fmessage-length=0 -fsigned-char -ffunction-sections -fdata-sections -flto  -g3 -T "../MK64FN1M0xxx12_flash.ld" -Xlinker --gc-sections -Wl,-Map,"CountingSemaphores.map" --specs=nano.specs -specs=nosys.specs -Xlinker -z -Xlinker muldefs -o "CountingSemaphores.elf"  ./utilities/fsl_debug_console.o ./utilities/fsl_notifier.o ./utilities/fsl_sbrk.o ./utilities/fsl_shell.o  ./startup/startup_MK64F12.o ./startup/system_MK64F12.o  ./source/Delay.o ./source/initializations.o ./source/main.o ./source/user.o  ./freertos/Source/portable/MemMang/heap_4.o  ./freertos/Source/portable/GCC/ARM_CM4F/fsl_tickless_lptmr.o ./freertos/Source/portable/GCC/ARM_CM4F/fsl_tickless_systick.o ./freertos/Source/portable/GCC/ARM_CM4F/port.o  ./freertos/Source/croutine.o ./freertos/Source/event_groups.o ./freertos/Source/list.o ./freertos/Source/queue.o ./freertos/Source/tasks.o ./freertos/Source/timers.o  ./drivers/fsl_adc16.o ./drivers/fsl_clock.o ./drivers/fsl_cmp.o ./drivers/fsl_cmt.o ./drivers/fsl_common.o ./drivers/fsl_crc.o ./drivers/fsl_dac.o ./drivers/fsl_dmamux.o ./drivers/fsl_dspi.o ./drivers/fsl_dspi_edma.o ./drivers/fsl_dspi_freertos.o ./drivers/fsl_edma.o ./drivers/fsl_enet.o ./drivers/fsl_ewm.o ./drivers/fsl_flash.o ./drivers/fsl_flexbus.o ./drivers/fsl_flexcan.o ./drivers/fsl_ftm.o ./drivers/fsl_gpio.o ./drivers/fsl_i2c.o ./drivers/fsl_i2c_edma.o ./drivers/fsl_i2c_freertos.o ./drivers/fsl_llwu.o ./drivers/fsl_lptmr.o ./drivers/fsl_mpu.o ./drivers/fsl_pdb.o ./drivers/fsl_pit.o ./drivers/fsl_pmc.o ./drivers/fsl_rcm.o ./drivers/fsl_rnga.o ./drivers/fsl_rtc.o ./drivers/fsl_sai.o ./drivers/fsl_sai_edma.o ./drivers/fsl_sdhc.o ./drivers/fsl_sim.o ./drivers/fsl_smc.o ./drivers/fsl_uart.o ./drivers/fsl_uart_edma.o ./drivers/fsl_uart_freertos.o ./drivers/fsl_vref.o ./drivers/fsl_wdog.o  ./board/board.o ./board/clock_config.o ./board/pin_mux.o   
C:\Users\ALEJAN~1\AppData\Local\Temp\ccbmTBxm.ltrans24.ltrans.o: In function `init':
C:\proyectosSBM\CountingSemaphores\CountingSemaphores\Debug/../source/initializations.c:68: undefined reference to `xCountingSemaphore_blue'
C:\proyectosSBM\CountingSemaphores\CountingSemaphores\Debug/../source/initializations.c:68: undefined reference to `xCountingSemaphore_green'
C:\proyectosSBM\CountingSemaphores\CountingSemaphores\Debug/../source/initializations.c:68: undefined reference to `xCountingSemaphore_red'
C:\Users\ALEJAN~1\AppData\Local\Temp\ccbmTBxm.ltrans24.ltrans.o: In function `PORTA_IRQHandler':
C:\proyectosSBM\CountingSemaphores\CountingSemaphores\Debug/../source/main.c:11: undefined reference to `Semaphore_blue'
C:\Users\ALEJAN~1\AppData\Local\Temp\ccbmTBxm.ltrans24.ltrans.o: In function `blue_task':
C:\proyectosSBM\CountingSemaphores\CountingSemaphores\Debug/../source/user.c:45: undefined reference to `xCountingSemaphore_blue'
C:\proyectosSBM\CountingSemaphores\CountingSemaphores\Debug/../source/user.c:45: undefined reference to `xCountingSemaphore_green'
C:\Users\ALEJAN~1\AppData\Local\Temp\ccbmTBxm.ltrans24.ltrans.o: In function `green_task':
C:\proyectosSBM\CountingSemaphores\CountingSemaphores\Debug/../source/user.c:65: undefined reference to `xCountingSemaphore_green'
C:\proyectosSBM\CountingSemaphores\CountingSemaphores\Debug/../source/user.c:65: undefined reference to `xCountingSemaphore_red'
C:\Users\ALEJAN~1\AppData\Local\Temp\ccbmTBxm.ltrans24.ltrans.o: In function `red_task':
C:\proyectosSBM\CountingSemaphores\CountingSemaphores\Debug/../source/user.c:89: undefined reference to `xCountingSemaphore_red'
collect2.exe: error: ld returned 1 exit status
makefile:64: recipe for target 'CountingSemaphores.elf' failed
make: *** [CountingSemaphores.elf] Error 1

16:13:52 Build Finished (took 4s.25ms)

